-- The C compiler identification is GNU 11.4.0
-- The CXX compiler identification is GNU 11.4.0
-- Detecting C compiler ABI info
-- Detecting C compiler ABI info - done
-- Check for working C compiler: /usr/bin/cc - skipped
-- Detecting C compile features
-- Detecting C compile features - done
-- Detecting CXX compiler ABI info
-- Detecting CXX compiler ABI info - done
-- Check for working CXX compiler: /usr/bin/c++ - skipped
-- Detecting CXX compile features
-- Detecting CXX compile features - done
-- Found ament_cmake: 1.3.11 (/opt/ros/humble/share/ament_cmake/cmake)
-- Found Python3: /usr/bin/python3 (found version "3.10.12") found components: Interpreter 
-- Override CMake install command with custom implementation using symlinks instead of copying resources
-- Found rclcpp: 16.0.11 (/opt/ros/humble/share/rclcpp/cmake)
-- Found rosidl_generator_c: 3.1.6 (/opt/ros/humble/share/rosidl_generator_c/cmake)
-- Found rosidl_adapter: 3.1.6 (/opt/ros/humble/share/rosidl_adapter/cmake)
-- Found rosidl_generator_cpp: 3.1.6 (/opt/ros/humble/share/rosidl_generator_cpp/cmake)
-- Using all available rosidl_typesupport_c: rosidl_typesupport_fastrtps_c;rosidl_typesupport_introspection_c
-- Using all available rosidl_typesupport_cpp: rosidl_typesupport_fastrtps_cpp;rosidl_typesupport_introspection_cpp
-- Found rmw_implementation_cmake: 6.1.2 (/opt/ros/humble/share/rmw_implementation_cmake/cmake)
-- Found rmw_fastrtps_cpp: 6.2.7 (/opt/ros/humble/share/rmw_fastrtps_cpp/cmake)
-- Found OpenSSL: /usr/lib/x86_64-linux-gnu/libcrypto.so (found version "3.0.2")  
-- Found FastRTPS: /opt/ros/humble/include  
-- Using RMW implementation 'rmw_fastrtps_cpp' as default
-- Looking for pthread.h
-- Looking for pthread.h - found
-- Performing Test CMAKE_HAVE_LIBC_PTHREAD
-- Performing Test CMAKE_HAVE_LIBC_PTHREAD - Success
-- Found Threads: TRUE  
-- Found moveit_ros_planning_interface: 2.5.8 (/opt/ros/humble/share/moveit_ros_planning_interface/cmake)
-- Found Boost: /usr/lib/x86_64-linux-gnu/cmake/Boost-1.74.0/BoostConfig.cmake (found version "1.74.0") found components: date_time filesystem program_options system thread 
-- Found Boost: /usr/lib/x86_64-linux-gnu/cmake/Boost-1.74.0/BoostConfig.cmake (found version "1.74.0") found components: chrono date_time filesystem iostreams program_options regex serialization system thread 
-- Found parameter_traits: 0.4.0 (/opt/ros/humble/share/parameter_traits/cmake)
-- Found Eigen3: TRUE (found version "3.4.0") 
-- Found rclcpp_lifecycle: 16.0.11 (/opt/ros/humble/share/rclcpp_lifecycle/cmake)
-- Found Boost: /usr/lib/x86_64-linux-gnu/cmake/Boost-1.74.0/BoostConfig.cmake (found version "1.74.0") found components: filesystem 
-- library: /usr/lib/x86_64-linux-gnu/libcurl.so
-- Ensuring Eigen3 include directory is part of orocos-kdl CMake target
-- Found Boost: /usr/lib/x86_64-linux-gnu/cmake/Boost-1.74.0/BoostConfig.cmake (found version "1.74.0") found components: system filesystem date_time program_options thread chrono 
-- Found Boost: /usr/lib/x86_64-linux-gnu/cmake/Boost-1.74.0/BoostConfig.cmake (found version "1.74.0") found components: thread system filesystem regex date_time program_options 
-- Found Boost: /usr/lib/x86_64-linux-gnu/cmake/Boost-1.74.0/BoostConfig.cmake (found version "1.74.0") found components: system filesystem date_time program_options thread 
-- Found nlohmann_json: /usr/lib/cmake/nlohmann_json/nlohmann_jsonConfig.cmake (found version "3.10.5") 
-- Found ament_cmake_gtest: 1.3.11 (/opt/ros/humble/share/ament_cmake_gtest/cmake)
-- Found gtest sources under '/opt/ros/humble/src/gtest_vendor': C++ tests using 'Google Test' will be built
-- Configuring done
-- Generating done
-- Build files have been written to: /home/jarred/git/DalESelfEBot/ur3_control/build/ur3_control
[  8%] [32mBuilding CXX object CMakeFiles/spline_follower_lib.dir/src/spline_follower.cpp.o[0m
[ 16%] [32mBuilding CXX object gtest/CMakeFiles/gtest.dir/src/gtest-all.cc.o[0m
[ 25%] [32mBuilding CXX object gtest/CMakeFiles/gtest_main.dir/src/gtest_main.cc.o[0m
[ 33%] [32m[1mLinking CXX static library libgtest_main.a[0m
[ 33%] Built target gtest_main
[ 41%] [32m[1mLinking CXX static library libgtest.a[0m
[ 41%] Built target gtest
[ 58%] [32mBuilding CXX object CMakeFiles/test_tool_path_z_consistency.dir/unit_testing/test_tool_path_z_consistency.cpp.o[0m
[ 58%] [32mBuilding CXX object CMakeFiles/test_tool_path_accuracy.dir/unit_testing/test_tool_path_accuracy.cpp.o[0m
[ 66%] [32m[1mLinking CXX executable test_tool_path_accuracy[0m
[ 75%] [32m[1mLinking CXX executable test_tool_path_z_consistency[0m
[ 75%] Built target test_tool_path_accuracy
[ 75%] Built target test_tool_path_z_consistency
[ 83%] [32m[1mLinking CXX static library libspline_follower_lib.a[0m
[ 83%] Built target spline_follower_lib
[ 91%] [32mBuilding CXX object CMakeFiles/spline_follower.dir/src/main.cpp.o[0m
[100%] [32m[1mLinking CXX executable spline_follower[0m
[100%] Built target spline_follower
-- Install configuration: ""
-- Execute custom install script
-- Symlinking: /home/jarred/git/DalESelfEBot/ur3_control/install/ur3_control/lib/ur3_control/libspline_follower_lib.a
-- Symlinking: /home/jarred/git/DalESelfEBot/ur3_control/install/ur3_control/lib/ur3_control/spline_follower
-- Symlinking: /home/jarred/git/DalESelfEBot/ur3_control/install/ur3_control/share/ur3_control//config/circle_waypoints.json
-- Symlinking: /home/jarred/git/DalESelfEBot/ur3_control/install/ur3_control/share/ur3_control//config/hardware_circle_waypoints.json
-- Symlinking: /home/jarred/git/DalESelfEBot/ur3_control/install/ur3_control/share/ur3_control//config/image_waypoints.json
-- Symlinking: /home/jarred/git/DalESelfEBot/ur3_control/install/ur3_control/share/ur3_control//config/sim_circle_waypoints.json
-- Symlinking: /home/jarred/git/DalESelfEBot/ur3_control/install/ur3_control/share/ur3_control//config/smiley_waypoints.json
-- Symlinking: /home/jarred/git/DalESelfEBot/ur3_control/install/ur3_control/share/ur3_control//launch/moveit_stack.launch.py
-- Symlinking: /home/jarred/git/DalESelfEBot/ur3_control/install/ur3_control/share/ament_index/resource_index/package_run_dependencies/ur3_control
-- Symlinking: /home/jarred/git/DalESelfEBot/ur3_control/install/ur3_control/share/ament_index/resource_index/parent_prefix_path/ur3_control
-- Symlinking: /home/jarred/git/DalESelfEBot/ur3_control/install/ur3_control/share/ur3_control/environment/ament_prefix_path.sh
-- Symlinking: /home/jarred/git/DalESelfEBot/ur3_control/install/ur3_control/share/ur3_control/environment/ament_prefix_path.dsv
-- Symlinking: /home/jarred/git/DalESelfEBot/ur3_control/install/ur3_control/share/ur3_control/environment/path.sh
-- Symlinking: /home/jarred/git/DalESelfEBot/ur3_control/install/ur3_control/share/ur3_control/environment/path.dsv
-- Symlinking: /home/jarred/git/DalESelfEBot/ur3_control/install/ur3_control/share/ur3_control/local_setup.bash
-- Symlinking: /home/jarred/git/DalESelfEBot/ur3_control/install/ur3_control/share/ur3_control/local_setup.sh
-- Symlinking: /home/jarred/git/DalESelfEBot/ur3_control/install/ur3_control/share/ur3_control/local_setup.zsh
-- Symlinking: /home/jarred/git/DalESelfEBot/ur3_control/install/ur3_control/share/ur3_control/local_setup.dsv
-- Symlinking: /home/jarred/git/DalESelfEBot/ur3_control/install/ur3_control/share/ur3_control/package.dsv
-- Symlinking: /home/jarred/git/DalESelfEBot/ur3_control/install/ur3_control/share/ament_index/resource_index/packages/ur3_control
-- Symlinking: /home/jarred/git/DalESelfEBot/ur3_control/install/ur3_control/share/ur3_control/cmake/ament_cmake_export_dependencies-extras.cmake
-- Symlinking: /home/jarred/git/DalESelfEBot/ur3_control/install/ur3_control/share/ur3_control/cmake/ur3_controlConfig.cmake
-- Symlinking: /home/jarred/git/DalESelfEBot/ur3_control/install/ur3_control/share/ur3_control/cmake/ur3_controlConfig-version.cmake
-- Symlinking: /home/jarred/git/DalESelfEBot/ur3_control/install/ur3_control/share/ur3_control/package.xml
