[0.014s] Invoking command in '/home/jarred/git/DalESelfEBot/ur3_control/build/ur3_control': CMAKE_PREFIX_PATH=${CMAKE_PREFIX_PATH}:/home/jarred/ros2_ws/install/img_prc:/home/jarred/ros2_ws/install/dale_integration:/opt/ros/humble /usr/bin/cmake /home/jarred/git/DalESelfEBot/ur3_control -DAMENT_CMAKE_SYMLINK_INSTALL=1 -DCMAKE_INSTALL_PREFIX=/home/jarred/git/DalESelfEBot/ur3_control/install/ur3_control
[0.093s] -- The C compiler identification is GNU 11.4.0
[0.173s] -- The CXX compiler identification is GNU 11.4.0
[0.185s] -- Detecting C compiler ABI info
[0.272s] -- Detecting C compiler ABI info - done
[0.287s] -- Check for working C compiler: /usr/bin/cc - skipped
[0.288s] -- Detecting C compile features
[0.288s] -- Detecting C compile features - done
[0.293s] -- Detecting CXX compiler ABI info
[0.414s] -- Detecting CXX compiler ABI info - done
[0.432s] -- Check for working CXX compiler: /usr/bin/c++ - skipped
[0.433s] -- Detecting CXX compile features
[0.434s] -- Detecting CXX compile features - done
[0.439s] -- Found ament_cmake: 1.3.11 (/opt/ros/humble/share/ament_cmake/cmake)
[0.760s] -- Found Python3: /usr/bin/python3 (found version "3.10.12") found components: Interpreter 
[0.860s] -- Override CMake install command with custom implementation using symlinks instead of copying resources
[0.928s] -- Found rclcpp: 16.0.11 (/opt/ros/humble/share/rclcpp/cmake)
[1.012s] -- Found rosidl_generator_c: 3.1.6 (/opt/ros/humble/share/rosidl_generator_c/cmake)
[1.021s] -- Found rosidl_adapter: 3.1.6 (/opt/ros/humble/share/rosidl_adapter/cmake)
[1.036s] -- Found rosidl_generator_cpp: 3.1.6 (/opt/ros/humble/share/rosidl_generator_cpp/cmake)
[1.063s] -- Using all available rosidl_typesupport_c: rosidl_typesupport_fastrtps_c;rosidl_typesupport_introspection_c
[1.097s] -- Using all available rosidl_typesupport_cpp: rosidl_typesupport_fastrtps_cpp;rosidl_typesupport_introspection_cpp
[1.182s] -- Found rmw_implementation_cmake: 6.1.2 (/opt/ros/humble/share/rmw_implementation_cmake/cmake)
[1.186s] -- Found rmw_fastrtps_cpp: 6.2.7 (/opt/ros/humble/share/rmw_fastrtps_cpp/cmake)
[1.332s] -- Found OpenSSL: /usr/lib/x86_64-linux-gnu/libcrypto.so (found version "3.0.2")  
[1.372s] -- Found FastRTPS: /opt/ros/humble/include  
[1.443s] -- Using RMW implementation 'rmw_fastrtps_cpp' as default
[1.459s] -- Looking for pthread.h
[1.574s] -- Looking for pthread.h - found
[1.575s] -- Performing Test CMAKE_HAVE_LIBC_PTHREAD
[1.684s] -- Performing Test CMAKE_HAVE_LIBC_PTHREAD - Success
[1.686s] -- Found Threads: TRUE  
[1.801s] -- Found moveit_ros_planning_interface: 2.5.8 (/opt/ros/humble/share/moveit_ros_planning_interface/cmake)
[1.846s] -- Found Boost: /usr/lib/x86_64-linux-gnu/cmake/Boost-1.74.0/BoostConfig.cmake (found version "1.74.0") found components: date_time filesystem program_options system thread 
[2.240s] -- Found Boost: /usr/lib/x86_64-linux-gnu/cmake/Boost-1.74.0/BoostConfig.cmake (found version "1.74.0") found components: chrono date_time filesystem iostreams program_options regex serialization system thread 
[2.338s] -- Found parameter_traits: 0.4.0 (/opt/ros/humble/share/parameter_traits/cmake)
[2.361s] -- Found Eigen3: TRUE (found version "3.4.0") 
[2.367s] -- Found rclcpp_lifecycle: 16.0.11 (/opt/ros/humble/share/rclcpp_lifecycle/cmake)
[2.417s] -- Found Boost: /usr/lib/x86_64-linux-gnu/cmake/Boost-1.74.0/BoostConfig.cmake (found version "1.74.0") found components: filesystem 
[2.557s] -- library: /usr/lib/x86_64-linux-gnu/libcurl.so
[2.628s] -- Ensuring Eigen3 include directory is part of orocos-kdl CMake target
[2.903s] -- Found Boost: /usr/lib/x86_64-linux-gnu/cmake/Boost-1.74.0/BoostConfig.cmake (found version "1.74.0") found components: system filesystem date_time program_options thread chrono 
[2.971s] -- Found Boost: /usr/lib/x86_64-linux-gnu/cmake/Boost-1.74.0/BoostConfig.cmake (found version "1.74.0") found components: thread system filesystem regex date_time program_options 
[3.017s] -- Found Boost: /usr/lib/x86_64-linux-gnu/cmake/Boost-1.74.0/BoostConfig.cmake (found version "1.74.0") found components: system filesystem date_time program_options thread 
[3.089s] -- Found nlohmann_json: /usr/lib/cmake/nlohmann_json/nlohmann_jsonConfig.cmake (found version "3.10.5") 
[3.097s] -- Found ament_cmake_gtest: 1.3.11 (/opt/ros/humble/share/ament_cmake_gtest/cmake)
[3.119s] -- Found gtest sources under '/opt/ros/humble/src/gtest_vendor': C++ tests using 'Google Test' will be built
[3.279s] -- Configuring done
[3.461s] -- Generating done
[3.493s] -- Build files have been written to: /home/jarred/git/DalESelfEBot/ur3_control/build/ur3_control
[3.522s] Invoked command in '/home/jarred/git/DalESelfEBot/ur3_control/build/ur3_control' returned '0': CMAKE_PREFIX_PATH=${CMAKE_PREFIX_PATH}:/home/jarred/ros2_ws/install/img_prc:/home/jarred/ros2_ws/install/dale_integration:/opt/ros/humble /usr/bin/cmake /home/jarred/git/DalESelfEBot/ur3_control -DAMENT_CMAKE_SYMLINK_INSTALL=1 -DCMAKE_INSTALL_PREFIX=/home/jarred/git/DalESelfEBot/ur3_control/install/ur3_control
[3.525s] Invoking command in '/home/jarred/git/DalESelfEBot/ur3_control/build/ur3_control': CMAKE_PREFIX_PATH=${CMAKE_PREFIX_PATH}:/home/jarred/ros2_ws/install/img_prc:/home/jarred/ros2_ws/install/dale_integration:/opt/ros/humble /usr/bin/cmake --build /home/jarred/git/DalESelfEBot/ur3_control/build/ur3_control -- -j8 -l8
[3.602s] [  8%] [32mBuilding CXX object CMakeFiles/spline_follower_lib.dir/src/spline_follower.cpp.o[0m
[3.603s] [ 16%] [32mBuilding CXX object gtest/CMakeFiles/gtest.dir/src/gtest-all.cc.o[0m
[3.606s] [ 25%] [32mBuilding CXX object gtest/CMakeFiles/gtest_main.dir/src/gtest_main.cc.o[0m
[5.799s] [ 33%] [32m[1mLinking CXX static library libgtest_main.a[0m
[5.846s] [ 33%] Built target gtest_main
[9.504s] [ 41%] [32m[1mLinking CXX static library libgtest.a[0m
[9.590s] [ 41%] Built target gtest
[9.624s] [ 58%] [32mBuilding CXX object CMakeFiles/test_tool_path_z_consistency.dir/unit_testing/test_tool_path_z_consistency.cpp.o[0m
[9.625s] [ 58%] [32mBuilding CXX object CMakeFiles/test_tool_path_accuracy.dir/unit_testing/test_tool_path_accuracy.cpp.o[0m
[15.610s] [ 66%] [32m[1mLinking CXX executable test_tool_path_accuracy[0m
[15.893s] [ 75%] [32m[1mLinking CXX executable test_tool_path_z_consistency[0m
[15.983s] [ 75%] Built target test_tool_path_accuracy
[16.289s] [ 75%] Built target test_tool_path_z_consistency
[33.008s] [ 83%] [32m[1mLinking CXX static library libspline_follower_lib.a[0m
[33.465s] [ 83%] Built target spline_follower_lib
[33.517s] [ 91%] [32mBuilding CXX object CMakeFiles/spline_follower.dir/src/main.cpp.o[0m
[47.318s] [100%] [32m[1mLinking CXX executable spline_follower[0m
[50.210s] [100%] Built target spline_follower
[50.226s] Invoked command in '/home/jarred/git/DalESelfEBot/ur3_control/build/ur3_control' returned '0': CMAKE_PREFIX_PATH=${CMAKE_PREFIX_PATH}:/home/jarred/ros2_ws/install/img_prc:/home/jarred/ros2_ws/install/dale_integration:/opt/ros/humble /usr/bin/cmake --build /home/jarred/git/DalESelfEBot/ur3_control/build/ur3_control -- -j8 -l8
[50.240s] Invoking command in '/home/jarred/git/DalESelfEBot/ur3_control/build/ur3_control': CMAKE_PREFIX_PATH=${CMAKE_PREFIX_PATH}:/home/jarred/ros2_ws/install/img_prc:/home/jarred/ros2_ws/install/dale_integration:/opt/ros/humble /usr/bin/cmake --install /home/jarred/git/DalESelfEBot/ur3_control/build/ur3_control
[50.250s] -- Install configuration: ""
[50.251s] -- Execute custom install script
[50.252s] -- Symlinking: /home/jarred/git/DalESelfEBot/ur3_control/install/ur3_control/lib/ur3_control/libspline_follower_lib.a
[50.266s] -- Symlinking: /home/jarred/git/DalESelfEBot/ur3_control/install/ur3_control/lib/ur3_control/spline_follower
[50.280s] -- Symlinking: /home/jarred/git/DalESelfEBot/ur3_control/install/ur3_control/share/ur3_control//config/circle_waypoints.json
[50.294s] -- Symlinking: /home/jarred/git/DalESelfEBot/ur3_control/install/ur3_control/share/ur3_control//config/hardware_circle_waypoints.json
[50.307s] -- Symlinking: /home/jarred/git/DalESelfEBot/ur3_control/install/ur3_control/share/ur3_control//config/image_waypoints.json
[50.319s] -- Symlinking: /home/jarred/git/DalESelfEBot/ur3_control/install/ur3_control/share/ur3_control//config/sim_circle_waypoints.json
[50.331s] -- Symlinking: /home/jarred/git/DalESelfEBot/ur3_control/install/ur3_control/share/ur3_control//config/smiley_waypoints.json
[50.345s] -- Symlinking: /home/jarred/git/DalESelfEBot/ur3_control/install/ur3_control/share/ur3_control//launch/moveit_stack.launch.py
[50.359s] -- Symlinking: /home/jarred/git/DalESelfEBot/ur3_control/install/ur3_control/share/ament_index/resource_index/package_run_dependencies/ur3_control
[50.371s] -- Symlinking: /home/jarred/git/DalESelfEBot/ur3_control/install/ur3_control/share/ament_index/resource_index/parent_prefix_path/ur3_control
[50.385s] -- Symlinking: /home/jarred/git/DalESelfEBot/ur3_control/install/ur3_control/share/ur3_control/environment/ament_prefix_path.sh
[50.399s] -- Symlinking: /home/jarred/git/DalESelfEBot/ur3_control/install/ur3_control/share/ur3_control/environment/ament_prefix_path.dsv
[50.413s] -- Symlinking: /home/jarred/git/DalESelfEBot/ur3_control/install/ur3_control/share/ur3_control/environment/path.sh
[50.426s] -- Symlinking: /home/jarred/git/DalESelfEBot/ur3_control/install/ur3_control/share/ur3_control/environment/path.dsv
[50.439s] -- Symlinking: /home/jarred/git/DalESelfEBot/ur3_control/install/ur3_control/share/ur3_control/local_setup.bash
[50.453s] -- Symlinking: /home/jarred/git/DalESelfEBot/ur3_control/install/ur3_control/share/ur3_control/local_setup.sh
[50.468s] -- Symlinking: /home/jarred/git/DalESelfEBot/ur3_control/install/ur3_control/share/ur3_control/local_setup.zsh
[50.483s] -- Symlinking: /home/jarred/git/DalESelfEBot/ur3_control/install/ur3_control/share/ur3_control/local_setup.dsv
[50.498s] -- Symlinking: /home/jarred/git/DalESelfEBot/ur3_control/install/ur3_control/share/ur3_control/package.dsv
[50.514s] -- Symlinking: /home/jarred/git/DalESelfEBot/ur3_control/install/ur3_control/share/ament_index/resource_index/packages/ur3_control
[50.529s] -- Symlinking: /home/jarred/git/DalESelfEBot/ur3_control/install/ur3_control/share/ur3_control/cmake/ament_cmake_export_dependencies-extras.cmake
[50.542s] -- Symlinking: /home/jarred/git/DalESelfEBot/ur3_control/install/ur3_control/share/ur3_control/cmake/ur3_controlConfig.cmake
[50.556s] -- Symlinking: /home/jarred/git/DalESelfEBot/ur3_control/install/ur3_control/share/ur3_control/cmake/ur3_controlConfig-version.cmake
[50.569s] -- Symlinking: /home/jarred/git/DalESelfEBot/ur3_control/install/ur3_control/share/ur3_control/package.xml
[50.585s] Invoked command in '/home/jarred/git/DalESelfEBot/ur3_control/build/ur3_control' returned '0': CMAKE_PREFIX_PATH=${CMAKE_PREFIX_PATH}:/home/jarred/ros2_ws/install/img_prc:/home/jarred/ros2_ws/install/dale_integration:/opt/ros/humble /usr/bin/cmake --install /home/jarred/git/DalESelfEBot/ur3_control/build/ur3_control
