[0.203s] [34mcolcon[0m [1;30mDEBUG[0m [32mCommand line arguments: ['/usr/bin/colcon', 'build', '--packages-select', 'ur3_control', '--symlink-install'][0m
[0.204s] [34mcolcon[0m [1;30mDEBUG[0m [32mParsed command line arguments: Namespace(log_base=None, log_level=None, verb_name='build', build_base='build', install_base='install', merge_install=False, symlink_install=True, test_result_base=None, continue_on_error=False, executor='parallel', parallel_workers=8, event_handlers=None, ignore_user_meta=False, metas=['./colcon.meta'], base_paths=['.'], packages_ignore=None, packages_ignore_regex=None, paths=None, packages_up_to=None, packages_up_to_regex=None, packages_above=None, packages_above_and_dependencies=None, packages_above_depth=None, packages_select_by_dep=None, packages_skip_by_dep=None, packages_skip_up_to=None, packages_select_build_failed=False, packages_skip_build_finished=False, packages_select_test_failures=False, packages_skip_test_passed=False, packages_select=['ur3_control'], packages_skip=None, packages_select_regex=None, packages_skip_regex=None, packages_start=None, packages_end=None, allow_overriding=[], cmake_args=None, cmake_target=None, cmake_target_skip_unavailable=False, cmake_clean_cache=False, cmake_clean_first=False, cmake_force_configure=False, ament_cmake_args=None, catkin_cmake_args=None, catkin_skip_building_tests=False, mixin_files=None, mixin=None, verb_parser=<colcon_mixin.mixin.mixin_argument.MixinArgumentDecorator object at 0x73c34aa349d0>, verb_extension=<colcon_core.verb.build.BuildVerb object at 0x73c34ab85a80>, main=<bound method BuildVerb.main of <colcon_core.verb.build.BuildVerb object at 0x73c34ab85a80>>, mixin_verb=('build',))[0m
[0.636s] [34mcolcon.colcon_core.package_discovery[0m [1;30mLevel 1[0m discover_packages(colcon_meta) check parameters
[0.636s] [34mcolcon.colcon_core.package_discovery[0m [1;30mLevel 1[0m discover_packages(recursive) check parameters
[0.637s] [34mcolcon.colcon_core.package_discovery[0m [1;30mLevel 1[0m discover_packages(ignore) check parameters
[0.637s] [34mcolcon.colcon_core.package_discovery[0m [1;30mLevel 1[0m discover_packages(path) check parameters
[0.637s] [34mcolcon.colcon_core.package_discovery[0m [1;30mLevel 1[0m discover_packages(colcon_meta) discover
[0.637s] [34mcolcon.colcon_core.package_discovery[0m [1;30mLevel 1[0m discover_packages(recursive) discover
[0.637s] [34mcolcon.colcon_core.package_discovery[0m [1;30mINFO[0m Crawling recursively for packages in '/home/jarred/git/DalESelfEBot/ur3_control'
[0.637s] [34mcolcon.colcon_core.package_identification[0m [1;30mLevel 1[0m _identify(.) by extensions ['ignore', 'ignore_ament_install']
[0.637s] [34mcolcon.colcon_core.package_identification[0m [1;30mLevel 1[0m _identify(.) by extension 'ignore'
[0.637s] [34mcolcon.colcon_core.package_identification[0m [1;30mLevel 1[0m _identify(.) by extension 'ignore_ament_install'
[0.637s] [34mcolcon.colcon_core.package_identification[0m [1;30mLevel 1[0m _identify(.) by extensions ['colcon_pkg']
[0.637s] [34mcolcon.colcon_core.package_identification[0m [1;30mLevel 1[0m _identify(.) by extension 'colcon_pkg'
[0.637s] [34mcolcon.colcon_core.package_identification[0m [1;30mLevel 1[0m _identify(.) by extensions ['colcon_meta']
[0.637s] [34mcolcon.colcon_core.package_identification[0m [1;30mLevel 1[0m _identify(.) by extension 'colcon_meta'
[0.638s] [34mcolcon.colcon_core.package_identification[0m [1;30mLevel 1[0m _identify(.) by extensions ['ros']
[0.638s] [34mcolcon.colcon_core.package_identification[0m [1;30mLevel 1[0m _identify(.) by extension 'ros'
[0.683s] [34mcolcon.colcon_core.package_identification[0m [1;30mDEBUG[0m [32mPackage '.' with type 'ros.ament_cmake' and name 'ur3_control'[0m
[0.683s] [34mcolcon.colcon_core.package_discovery[0m [1;30mLevel 1[0m discover_packages(recursive) using defaults
[0.683s] [34mcolcon.colcon_core.package_discovery[0m [1;30mLevel 1[0m discover_packages(ignore) discover
[0.683s] [34mcolcon.colcon_core.package_discovery[0m [1;30mLevel 1[0m discover_packages(ignore) using defaults
[0.683s] [34mcolcon.colcon_core.package_discovery[0m [1;30mLevel 1[0m discover_packages(path) discover
[0.683s] [34mcolcon.colcon_core.package_discovery[0m [1;30mLevel 1[0m discover_packages(path) using defaults
[0.712s] [34mcolcon.colcon_core.package_discovery[0m [1;30mLevel 1[0m discover_packages(prefix_path) check parameters
[0.713s] [34mcolcon.colcon_core.package_discovery[0m [1;30mLevel 1[0m discover_packages(prefix_path) discover
[0.718s] [34mcolcon.colcon_installed_package_information.package_discovery[0m [1;30mDEBUG[0m [32mFound 5 installed packages in /home/jarred/ros2_ws/install[0m
[0.722s] [34mcolcon.colcon_installed_package_information.package_discovery[0m [1;30mDEBUG[0m [32mFound 375 installed packages in /opt/ros/humble[0m
[0.726s] [34mcolcon.colcon_core.package_discovery[0m [1;30mLevel 1[0m discover_packages(prefix_path) using defaults
[0.818s] [34mcolcon.colcon_core.verb[0m [1;30mLevel 5[0m set package 'ur3_control' build argument 'cmake_args' from command line to 'None'
[0.819s] [34mcolcon.colcon_core.verb[0m [1;30mLevel 5[0m set package 'ur3_control' build argument 'cmake_target' from command line to 'None'
[0.819s] [34mcolcon.colcon_core.verb[0m [1;30mLevel 5[0m set package 'ur3_control' build argument 'cmake_target_skip_unavailable' from command line to 'False'
[0.819s] [34mcolcon.colcon_core.verb[0m [1;30mLevel 5[0m set package 'ur3_control' build argument 'cmake_clean_cache' from command line to 'False'
[0.819s] [34mcolcon.colcon_core.verb[0m [1;30mLevel 5[0m set package 'ur3_control' build argument 'cmake_clean_first' from command line to 'False'
[0.819s] [34mcolcon.colcon_core.verb[0m [1;30mLevel 5[0m set package 'ur3_control' build argument 'cmake_force_configure' from command line to 'False'
[0.819s] [34mcolcon.colcon_core.verb[0m [1;30mLevel 5[0m set package 'ur3_control' build argument 'ament_cmake_args' from command line to 'None'
[0.819s] [34mcolcon.colcon_core.verb[0m [1;30mLevel 5[0m set package 'ur3_control' build argument 'catkin_cmake_args' from command line to 'None'
[0.819s] [34mcolcon.colcon_core.verb[0m [1;30mLevel 5[0m set package 'ur3_control' build argument 'catkin_skip_building_tests' from command line to 'False'
[0.819s] [34mcolcon.colcon_core.verb[0m [1;30mDEBUG[0m [32mBuilding package 'ur3_control' with the following arguments: {'ament_cmake_args': None, 'build_base': '/home/jarred/git/DalESelfEBot/ur3_control/build/ur3_control', 'catkin_cmake_args': None, 'catkin_skip_building_tests': False, 'cmake_args': None, 'cmake_clean_cache': False, 'cmake_clean_first': False, 'cmake_force_configure': False, 'cmake_target': None, 'cmake_target_skip_unavailable': False, 'install_base': '/home/jarred/git/DalESelfEBot/ur3_control/install/ur3_control', 'merge_install': False, 'path': '/home/jarred/git/DalESelfEBot/ur3_control', 'symlink_install': True, 'test_result_base': None}[0m
[0.819s] [34mcolcon.colcon_core.executor[0m [1;30mINFO[0m Executing jobs using 'parallel' executor
[0.820s] [34mcolcon.colcon_parallel_executor.executor.parallel[0m [1;30mDEBUG[0m [32mrun_until_complete[0m
[0.821s] [34mcolcon.colcon_ros.task.ament_cmake.build[0m [1;30mINFO[0m Building ROS package in '/home/jarred/git/DalESelfEBot/ur3_control' with build type 'ament_cmake'
[0.821s] [34mcolcon.colcon_cmake.task.cmake.build[0m [1;30mINFO[0m Building CMake package in '/home/jarred/git/DalESelfEBot/ur3_control'
[0.823s] [34mcolcon.colcon_core.plugin_system[0m [1;30mINFO[0m Skipping extension 'colcon_core.shell.bat': Not used on non-Windows systems
[0.824s] [34mcolcon.colcon_core.shell[0m [1;30mINFO[0m Skip shell extension 'powershell' for command environment: Not usable outside of PowerShell
[0.824s] [34mcolcon.colcon_core.shell[0m [1;30mDEBUG[0m [32mSkip shell extension 'dsv' for command environment[0m
[0.836s] [34mcolcon.colcon_core.event_handler.log_command[0m [1;30mDEBUG[0m [32mInvoking command in '/home/jarred/git/DalESelfEBot/ur3_control/build/ur3_control': CMAKE_PREFIX_PATH=${CMAKE_PREFIX_PATH}:/home/jarred/ros2_ws/install/img_prc:/home/jarred/ros2_ws/install/dale_integration:/opt/ros/humble /usr/bin/cmake /home/jarred/git/DalESelfEBot/ur3_control -DAMENT_CMAKE_SYMLINK_INSTALL=1 -DCMAKE_INSTALL_PREFIX=/home/jarred/git/DalESelfEBot/ur3_control/install/ur3_control[0m
[4.343s] [34mcolcon.colcon_core.event_handler.log_command[0m [1;30mDEBUG[0m [32mInvoked command in '/home/jarred/git/DalESelfEBot/ur3_control/build/ur3_control' returned '0': CMAKE_PREFIX_PATH=${CMAKE_PREFIX_PATH}:/home/jarred/ros2_ws/install/img_prc:/home/jarred/ros2_ws/install/dale_integration:/opt/ros/humble /usr/bin/cmake /home/jarred/git/DalESelfEBot/ur3_control -DAMENT_CMAKE_SYMLINK_INSTALL=1 -DCMAKE_INSTALL_PREFIX=/home/jarred/git/DalESelfEBot/ur3_control/install/ur3_control[0m
[4.347s] [34mcolcon.colcon_core.event_handler.log_command[0m [1;30mDEBUG[0m [32mInvoking command in '/home/jarred/git/DalESelfEBot/ur3_control/build/ur3_control': CMAKE_PREFIX_PATH=${CMAKE_PREFIX_PATH}:/home/jarred/ros2_ws/install/img_prc:/home/jarred/ros2_ws/install/dale_integration:/opt/ros/humble /usr/bin/cmake --build /home/jarred/git/DalESelfEBot/ur3_control/build/ur3_control -- -j8 -l8[0m
[51.047s] [34mcolcon.colcon_core.event_handler.log_command[0m [1;30mDEBUG[0m [32mInvoked command in '/home/jarred/git/DalESelfEBot/ur3_control/build/ur3_control' returned '0': CMAKE_PREFIX_PATH=${CMAKE_PREFIX_PATH}:/home/jarred/ros2_ws/install/img_prc:/home/jarred/ros2_ws/install/dale_integration:/opt/ros/humble /usr/bin/cmake --build /home/jarred/git/DalESelfEBot/ur3_control/build/ur3_control -- -j8 -l8[0m
[51.062s] [34mcolcon.colcon_core.event_handler.log_command[0m [1;30mDEBUG[0m [32mInvoking command in '/home/jarred/git/DalESelfEBot/ur3_control/build/ur3_control': CMAKE_PREFIX_PATH=${CMAKE_PREFIX_PATH}:/home/jarred/ros2_ws/install/img_prc:/home/jarred/ros2_ws/install/dale_integration:/opt/ros/humble /usr/bin/cmake --install /home/jarred/git/DalESelfEBot/ur3_control/build/ur3_control[0m
[51.406s] [34mcolcon.colcon_core.environment[0m [1;30mLevel 1[0m create_environment_scripts_only(ur3_control)
[51.406s] [34mcolcon.colcon_core.event_handler.log_command[0m [1;30mDEBUG[0m [32mInvoked command in '/home/jarred/git/DalESelfEBot/ur3_control/build/ur3_control' returned '0': CMAKE_PREFIX_PATH=${CMAKE_PREFIX_PATH}:/home/jarred/ros2_ws/install/img_prc:/home/jarred/ros2_ws/install/dale_integration:/opt/ros/humble /usr/bin/cmake --install /home/jarred/git/DalESelfEBot/ur3_control/build/ur3_control[0m
[51.409s] [34mcolcon.colcon_core.environment[0m [1;30mLevel 1[0m checking '/home/jarred/git/DalESelfEBot/ur3_control/install/ur3_control' for CMake module files
[51.410s] [34mcolcon.colcon_core.environment[0m [1;30mLevel 1[0m checking '/home/jarred/git/DalESelfEBot/ur3_control/install/ur3_control' for CMake config files
[51.411s] [34mcolcon.colcon_core.shell[0m [1;30mLevel 1[0m create_environment_hook('ur3_control', 'cmake_prefix_path')
[51.411s] [34mcolcon.colcon_core.shell[0m [1;30mINFO[0m Creating environment hook '/home/jarred/git/DalESelfEBot/ur3_control/install/ur3_control/share/ur3_control/hook/cmake_prefix_path.ps1'
[51.412s] [34mcolcon.colcon_core.shell[0m [1;30mINFO[0m Creating environment descriptor '/home/jarred/git/DalESelfEBot/ur3_control/install/ur3_control/share/ur3_control/hook/cmake_prefix_path.dsv'
[51.413s] [34mcolcon.colcon_core.shell[0m [1;30mINFO[0m Creating environment hook '/home/jarred/git/DalESelfEBot/ur3_control/install/ur3_control/share/ur3_control/hook/cmake_prefix_path.sh'
[51.415s] [34mcolcon.colcon_core.environment[0m [1;30mLevel 1[0m checking '/home/jarred/git/DalESelfEBot/ur3_control/install/ur3_control/lib'
[51.415s] [34mcolcon.colcon_core.environment[0m [1;30mLevel 1[0m checking '/home/jarred/git/DalESelfEBot/ur3_control/install/ur3_control/bin'
[51.415s] [34mcolcon.colcon_core.environment[0m [1;30mLevel 1[0m checking '/home/jarred/git/DalESelfEBot/ur3_control/install/ur3_control/lib/pkgconfig/ur3_control.pc'
[51.416s] [34mcolcon.colcon_core.environment[0m [1;30mLevel 1[0m checking '/home/jarred/git/DalESelfEBot/ur3_control/install/ur3_control/lib/python3.10/site-packages'
[51.416s] [34mcolcon.colcon_core.environment[0m [1;30mLevel 1[0m checking '/home/jarred/git/DalESelfEBot/ur3_control/install/ur3_control/bin'
[51.417s] [34mcolcon.colcon_core.shell[0m [1;30mINFO[0m Creating package script '/home/jarred/git/DalESelfEBot/ur3_control/install/ur3_control/share/ur3_control/package.ps1'
[51.418s] [34mcolcon.colcon_core.shell[0m [1;30mINFO[0m Creating package descriptor '/home/jarred/git/DalESelfEBot/ur3_control/install/ur3_control/share/ur3_control/package.dsv'
[51.419s] [34mcolcon.colcon_core.shell[0m [1;30mINFO[0m Creating package script '/home/jarred/git/DalESelfEBot/ur3_control/install/ur3_control/share/ur3_control/package.sh'
[51.420s] [34mcolcon.colcon_core.shell[0m [1;30mINFO[0m Creating package script '/home/jarred/git/DalESelfEBot/ur3_control/install/ur3_control/share/ur3_control/package.bash'
[51.421s] [34mcolcon.colcon_core.shell[0m [1;30mINFO[0m Creating package script '/home/jarred/git/DalESelfEBot/ur3_control/install/ur3_control/share/ur3_control/package.zsh'
[51.422s] [34mcolcon.colcon_core.environment[0m [1;30mLevel 1[0m create_file_with_runtime_dependencies(/home/jarred/git/DalESelfEBot/ur3_control/install/ur3_control/share/colcon-core/packages/ur3_control)
[51.423s] [34mcolcon.colcon_core.environment[0m [1;30mLevel 1[0m create_environment_scripts_only(ur3_control)
[51.423s] [34mcolcon.colcon_core.environment[0m [1;30mLevel 1[0m checking '/home/jarred/git/DalESelfEBot/ur3_control/install/ur3_control' for CMake module files
[51.424s] [34mcolcon.colcon_core.environment[0m [1;30mLevel 1[0m checking '/home/jarred/git/DalESelfEBot/ur3_control/install/ur3_control' for CMake config files
[51.424s] [34mcolcon.colcon_core.shell[0m [1;30mLevel 1[0m create_environment_hook('ur3_control', 'cmake_prefix_path')
[51.425s] [34mcolcon.colcon_core.shell[0m [1;30mINFO[0m Creating environment hook '/home/jarred/git/DalESelfEBot/ur3_control/install/ur3_control/share/ur3_control/hook/cmake_prefix_path.ps1'
[51.426s] [34mcolcon.colcon_core.shell[0m [1;30mINFO[0m Creating environment descriptor '/home/jarred/git/DalESelfEBot/ur3_control/install/ur3_control/share/ur3_control/hook/cmake_prefix_path.dsv'
[51.426s] [34mcolcon.colcon_core.shell[0m [1;30mINFO[0m Creating environment hook '/home/jarred/git/DalESelfEBot/ur3_control/install/ur3_control/share/ur3_control/hook/cmake_prefix_path.sh'
[51.427s] [34mcolcon.colcon_core.environment[0m [1;30mLevel 1[0m checking '/home/jarred/git/DalESelfEBot/ur3_control/install/ur3_control/lib'
[51.427s] [34mcolcon.colcon_core.environment[0m [1;30mLevel 1[0m checking '/home/jarred/git/DalESelfEBot/ur3_control/install/ur3_control/bin'
[51.427s] [34mcolcon.colcon_core.environment[0m [1;30mLevel 1[0m checking '/home/jarred/git/DalESelfEBot/ur3_control/install/ur3_control/lib/pkgconfig/ur3_control.pc'
[51.427s] [34mcolcon.colcon_core.environment[0m [1;30mLevel 1[0m checking '/home/jarred/git/DalESelfEBot/ur3_control/install/ur3_control/lib/python3.10/site-packages'
[51.428s] [34mcolcon.colcon_core.environment[0m [1;30mLevel 1[0m checking '/home/jarred/git/DalESelfEBot/ur3_control/install/ur3_control/bin'
[51.428s] [34mcolcon.colcon_core.shell[0m [1;30mINFO[0m Creating package script '/home/jarred/git/DalESelfEBot/ur3_control/install/ur3_control/share/ur3_control/package.ps1'
[51.429s] [34mcolcon.colcon_core.shell[0m [1;30mINFO[0m Creating package descriptor '/home/jarred/git/DalESelfEBot/ur3_control/install/ur3_control/share/ur3_control/package.dsv'
[51.430s] [34mcolcon.colcon_core.shell[0m [1;30mINFO[0m Creating package script '/home/jarred/git/DalESelfEBot/ur3_control/install/ur3_control/share/ur3_control/package.sh'
[51.431s] [34mcolcon.colcon_core.shell[0m [1;30mINFO[0m Creating package script '/home/jarred/git/DalESelfEBot/ur3_control/install/ur3_control/share/ur3_control/package.bash'
[51.432s] [34mcolcon.colcon_core.shell[0m [1;30mINFO[0m Creating package script '/home/jarred/git/DalESelfEBot/ur3_control/install/ur3_control/share/ur3_control/package.zsh'
[51.433s] [34mcolcon.colcon_core.environment[0m [1;30mLevel 1[0m create_file_with_runtime_dependencies(/home/jarred/git/DalESelfEBot/ur3_control/install/ur3_control/share/colcon-core/packages/ur3_control)
[51.433s] [34mcolcon.colcon_parallel_executor.executor.parallel[0m [1;30mDEBUG[0m [32mclosing loop[0m
[51.434s] [34mcolcon.colcon_parallel_executor.executor.parallel[0m [1;30mDEBUG[0m [32mloop closed[0m
[51.434s] [34mcolcon.colcon_parallel_executor.executor.parallel[0m [1;30mDEBUG[0m [32mrun_until_complete finished with '0'[0m
[51.434s] [34mcolcon.colcon_core.event_reactor[0m [1;30mDEBUG[0m [32mjoining thread[0m
[51.442s] [34mcolcon.colcon_core.plugin_system[0m [1;30mINFO[0m Skipping extension 'colcon_notification.desktop_notification.terminal_notifier': Not used on non-Darwin systems
[51.442s] [34mcolcon.colcon_core.plugin_system[0m [1;30mINFO[0m Skipping extension 'colcon_notification.desktop_notification.win32': Not used on non-Windows systems
[51.442s] [34mcolcon.colcon_notification.desktop_notification[0m [1;30mINFO[0m Sending desktop notification using 'notify2'
[51.456s] [34mcolcon.colcon_core.event_reactor[0m [1;30mDEBUG[0m [32mjoined thread[0m
[51.457s] [34mcolcon.colcon_core.shell[0m [1;30mINFO[0m Creating prefix script '/home/jarred/git/DalESelfEBot/ur3_control/install/local_setup.ps1'
[51.459s] [34mcolcon.colcon_core.shell[0m [1;30mINFO[0m Creating prefix util module '/home/jarred/git/DalESelfEBot/ur3_control/install/_local_setup_util_ps1.py'
[51.461s] [34mcolcon.colcon_core.shell[0m [1;30mINFO[0m Creating prefix chain script '/home/jarred/git/DalESelfEBot/ur3_control/install/setup.ps1'
[51.464s] [34mcolcon.colcon_core.shell[0m [1;30mINFO[0m Creating prefix script '/home/jarred/git/DalESelfEBot/ur3_control/install/local_setup.sh'
[51.465s] [34mcolcon.colcon_core.shell[0m [1;30mINFO[0m Creating prefix util module '/home/jarred/git/DalESelfEBot/ur3_control/install/_local_setup_util_sh.py'
[51.466s] [34mcolcon.colcon_core.shell[0m [1;30mINFO[0m Creating prefix chain script '/home/jarred/git/DalESelfEBot/ur3_control/install/setup.sh'
[51.469s] [34mcolcon.colcon_core.shell[0m [1;30mINFO[0m Creating prefix script '/home/jarred/git/DalESelfEBot/ur3_control/install/local_setup.bash'
[51.470s] [34mcolcon.colcon_core.shell[0m [1;30mINFO[0m Creating prefix chain script '/home/jarred/git/DalESelfEBot/ur3_control/install/setup.bash'
[51.472s] [34mcolcon.colcon_core.shell[0m [1;30mINFO[0m Creating prefix script '/home/jarred/git/DalESelfEBot/ur3_control/install/local_setup.zsh'
[51.473s] [34mcolcon.colcon_core.shell[0m [1;30mINFO[0m Creating prefix chain script '/home/jarred/git/DalESelfEBot/ur3_control/install/setup.zsh'
